// GTA V ASI LOADER (build May  2 2015)
//     (C) Alexander Blade 2015
LIB: "C:\WINDOWS\system32\dinput8.dll" => 00007FFD68AC0000
API: "DirectInput8Create" => 00007FFD68AC9D40
API: "DllCanUnloadNow" => 00007FFD68AD9BD0
API: "DllGetClassObject" => 00007FFD68AD9CA0
API: "DllRegisterServer" => 00007FFD68AE3990
API: "DllUnregisterServer" => 00007FFD68AE3C00
LOADER: Loading *.asi plugins
ASI: Loading "E:\Games\Grand Theft Auto V\EnableMPCars.asi"
     "EnableMPCars.asi" => 00007FFD76A80000
ASI: Loading "E:\Games\Grand Theft Auto V\LUA.asi"
     "LUA.asi" => 00007FFD49610000
ASI: Loading "E:\Games\Grand Theft Auto V\NativeTrainer.asi"
     "NativeTrainer.asi" => 00007FFD6E670000
ASI: Loading "E:\Games\Grand Theft Auto V\OpenIV.asi"
     "OpenIV.asi" => 00007FFD6E1D0000
ASI: Loading "E:\Games\Grand Theft Auto V\ScriptHookVDotNet.asi"
     "ScriptHookVDotNet.asi" => 00007FFD4F8E0000
ASI: Loading "E:\Games\Grand Theft Auto V\TurboSystemV.asi"
     "TurboSystemV.asi" => 00007FFD48580000
LOADER: Finished loading *.asi plugins
