[23:58:36] [EnableMPCars] - Init: E:\Games\Grand Theft Auto V\GTA5.exe
[23:59:27] [EnableMPCars] - Setting Global Variable 2606794 to true
[23:59:27] [EnableMPCars] - MP Cars enabled
[23:59:27] [EnableMPCars] - Found affected hash: 0x866BCE26 - DisplayName = FACTION3
[23:59:27] [EnableMPCars] - Found affected hash: 0xBCDE91F0 - DisplayName = MINIVAN2
[23:59:27] [EnableMPCars] - Found affected hash: 0x0D4EA603 - DisplayName = SABREGT2
[23:59:27] [EnableMPCars] - Found affected hash: 0x42BC5E19 - DisplayName = SLAMVAN3
[23:59:27] [EnableMPCars] - Found affected hash: 0x94DA98EF - DisplayName = TORNADO5
[23:59:27] [EnableMPCars] - Found affected hash: 0xCA62927A - DisplayName = VIRGO2
[23:59:27] [EnableMPCars] - Found affected hash: 0x00FDFFB0 - DisplayName = VIRGO3
[23:59:27] [EnableMPCars] - Found affected hash: 0x7E8F677F - DisplayName = PROTOTIPO
[23:59:27] [EnableMPCars] - Found affected hash: 0x97398A4B - DisplayName = SEVEN70
[23:59:27] [EnableMPCars] - Found affected hash: 0x92EF6E04 - DisplayName = PFISTER811
[23:59:27] [EnableMPCars] - Found affected hash: 0x05283265 - DisplayName = BF400
[23:59:27] [EnableMPCars] - Found affected hash: 0x5C55CB39 - DisplayName = BRIOSO
[23:59:27] [EnableMPCars] - Found affected hash: 0x17420102 - DisplayName = CLIFFHANGER
[23:59:27] [EnableMPCars] - Found affected hash: 0x28B67ACA - DisplayName = CONTENDER
[23:59:27] [EnableMPCars] - Found affected hash: 0xB6846A55 - DisplayName = LE7B
[23:59:27] [EnableMPCars] - Found affected hash: 0xD1AD4937 - DisplayName = OMNIS
[23:59:27] [EnableMPCars] - Found affected hash: 0x0612F4B6 - DisplayName = TROPHY
[23:59:27] [EnableMPCars] - Found affected hash: 0xD876DBE2 - DisplayName = TROPHY2
[23:59:27] [EnableMPCars] - Found affected hash: 0x707E63A4 - DisplayName = TROPOS
[23:59:27] [EnableMPCars] - Found affected hash: 0x2C2C2324 - DisplayName = GARGOYLE
[23:59:27] [EnableMPCars] - Found affected hash: 0x829A3C44 - DisplayName = RALLYTRUCK
[23:59:27] [EnableMPCars] - Found affected hash: 0xC0240885 - DisplayName = TAMPA2
[23:59:27] [EnableMPCars] - Found affected hash: 0x7B406EFB - DisplayName = TYRUS
[23:59:27] [EnableMPCars] - Found affected hash: 0x1CBDC10B - DisplayName = LYNX
[23:59:27] [EnableMPCars] - Found affected hash: 0x30D3F6D8 - DisplayName = SHEAVA
[23:59:27] [EnableMPCars] - Found affected hash: 0x794CB30C - DisplayName = ESSKEY
[23:59:27] [EnableMPCars] - Found affected hash: 0xA0438767 - DisplayName = NIGHTBLADE
[23:59:27] [EnableMPCars] - Found affected hash: 0x30FF0190 - DisplayName = DEFILER
[23:59:27] [EnableMPCars] - Found affected hash: 0x81E38F7F - DisplayName = AVARUS
[23:59:27] [EnableMPCars] - Found affected hash: 0xC3D7C72B - DisplayName = ZOMBIEA
[23:59:27] [EnableMPCars] - Found affected hash: 0xDE05FB87 - DisplayName = ZOMBIEB
[23:59:27] [EnableMPCars] - Found affected hash: 0xF0C2A91F - DisplayName = HAKUCHOU2
[23:59:27] [EnableMPCars] - Found affected hash: 0xDBA9DBFC - DisplayName = VORTEX
[23:59:27] [EnableMPCars] - Found affected hash: 0x00675ED7 - DisplayName = CHIMERA
[23:59:27] [EnableMPCars] - Found affected hash: 0xD7C56D39 - DisplayName = RAPTOR
[23:59:27] [EnableMPCars] - Found affected hash: 0xAC4E93C9 - DisplayName = DAEMON2
[23:59:27] [EnableMPCars] - Found affected hash: 0x6FACDF31 - DisplayName = RATBIKE
[23:59:27] [EnableMPCars] - Found affected hash: 0xDB20A373 - DisplayName = WOLFSBANE
[23:59:27] [EnableMPCars] - Found affected hash: 0xE5BA6858 - DisplayName = BLAZER4
[23:59:27] [EnableMPCars] - Found affected hash: 0xE7D2A16E - DisplayName = SHOTARO
[23:59:27] [EnableMPCars] - Found affected hash: 0xA31CB573 - DisplayName = TORNADO6
[23:59:27] [EnableMPCars] - Found affected hash: 0x58E316C7 - DisplayName = SANCTUS
[23:59:27] [EnableMPCars] - Found affected hash: 0x3D29CD2B - DisplayName = YOUGA2
[23:59:27] [EnableMPCars] - Found affected hash: 0xA5325278 - DisplayName = MANCHEZ
[23:59:27] [EnableMPCars] - Found affected hash: 0xB328B188 - DisplayName = FAGGIO3
[23:59:27] [EnableMPCars] - Found affected hash: 0x9229E4EB - DisplayName = FAGGION
[23:59:27] [EnableMPCars] - Found affected hash: 0x3AF76F4A - DisplayName = VOLTIC2
[23:59:27] [EnableMPCars] - Found affected hash: 0x381E10BD - DisplayName = RUINER2
[23:59:27] [EnableMPCars] - Found affected hash: 0xCEB28249 - DisplayName = DUNE4
[23:59:27] [EnableMPCars] - Found affected hash: 0xED62BFA9 - DisplayName = DUNE5
[23:59:27] [EnableMPCars] - Found affected hash: 0x9DAE1398 - DisplayName = PHANTOM2
[23:59:27] [EnableMPCars] - Found affected hash: 0x4662BCBB - DisplayName = TECHNICAL2
[23:59:27] [EnableMPCars] - Found affected hash: 0x28AD20E1 - DisplayName = BOXVILLE5
[23:59:27] [EnableMPCars] - Found affected hash: 0x8E08EC82 - DisplayName = WASTLNDR
[23:59:27] [EnableMPCars] - Found affected hash: 0xA1355F67 - DisplayName = BLAZER5
[23:59:27] [EnableMPCars] - Found affected hash: 0x877358AD - DisplayName = COMET3
[23:59:27] [EnableMPCars] - Found affected hash: 0xF1B44F44 - DisplayName = DIABLOUS
[23:59:27] [EnableMPCars] - Found affected hash: 0x6ABDF65E - DisplayName = DIABLOUS2
[23:59:27] [EnableMPCars] - Found affected hash: 0x0BBA2261 - DisplayName = ELEGY
[23:59:27] [EnableMPCars] - Found affected hash: 0x25676EAF - DisplayName = FCR
[23:59:27] [EnableMPCars] - Found affected hash: 0xD2D5E00E - DisplayName = FCR2
[23:59:27] [EnableMPCars] - Found affected hash: 0x85E8E76B - DisplayName = ITALIGTB
[23:59:27] [EnableMPCars] - Found affected hash: 0xE33A477B - DisplayName = ITALIGTB2
[23:59:27] [EnableMPCars] - Found affected hash: 0x3DA47243 - DisplayName = NERO
[23:59:27] [EnableMPCars] - Found affected hash: 0x4131F378 - DisplayName = NERO2
[23:59:27] [EnableMPCars] - Found affected hash: 0x9734F3EA - DisplayName = penetrator
[23:59:27] [EnableMPCars] - Found affected hash: 0x706E2B40 - DisplayName = SPECTER
[23:59:27] [EnableMPCars] - Found affected hash: 0x400F5147 - DisplayName = SPECTER2
[23:59:27] [EnableMPCars] - Found affected hash: 0x1044926F - DisplayName = TEMPESTA
[23:59:27] [EnableMPCars] - Found affected hash: 0x4992196C - DisplayName = GP1
[23:59:27] [EnableMPCars] - Found affected hash: 0xAC33179C - DisplayName = INFERNUS2
[23:59:27] [EnableMPCars] - Found affected hash: 0x2AE524A8 - DisplayName = RUSTON
[23:59:27] [EnableMPCars] - Found affected hash: 0xC575DF11 - DisplayName = TURISMO2
[23:59:27] [EnableMPCars] - Found affected hash: 0x097E5533 - DisplayName = ARDENT
[23:59:27] [EnableMPCars] - Found affected hash: 0x7397224C - DisplayName = VAGNER
[23:59:27] [EnableMPCars] - Found affected hash: 0x0D4E5F4D - DisplayName = CHEETAH2
[23:59:27] [EnableMPCars] - Found affected hash: 0x19DD9ED1 - DisplayName = NIGHTSHARK
[23:59:27] [EnableMPCars] - Found affected hash: 0x59A9E570 - DisplayName = TORERO
[23:59:27] [EnableMPCars] - Found affected hash: 0x36B4A8A9 - DisplayName = XA21
[23:59:27] [EnableMPCars] - Found affected hash: 0xD227BDBB - DisplayName = CADDY3
[23:59:27] [EnableMPCars] - Found affected hash: 0x8D4B7A8A - DisplayName = INSURGENT3
[23:59:27] [EnableMPCars] - Found affected hash: 0x50D4D19F - DisplayName = TECHNICAL3
[23:59:27] [EnableMPCars] - Found affected hash: 0x2189D250 - DisplayName = APC
[23:59:27] [EnableMPCars] - Found affected hash: 0x711D4738 - DisplayName = DUNE3
[23:59:27] [EnableMPCars] - Found affected hash: 0xFE141DA6 - DisplayName = HALFTRACK
[23:59:27] [EnableMPCars] - Found affected hash: 0x8FD54EBB - DisplayName = TRSMALL2
[23:59:27] [EnableMPCars] - Found affected hash: 0x34B82784 - DisplayName = OPPRESSOR
[23:59:27] [EnableMPCars] - Found affected hash: 0xB7D9F7F1 - DisplayName = TAMPA3
[23:59:27] [EnableMPCars] - Found affected hash: 0x171C92C4 - DisplayName = HAULER2
[23:59:27] [EnableMPCars] - Found affected hash: 0x0A90ED5C - DisplayName = PHANTOM3
[23:59:27] [EnableMPCars] - Found affected hash: 0x5993F939 - DisplayName = TRLARGE
[23:59:27] [EnableMPCars] - Found affected hash: 0x89BA59F5 - DisplayName = HAVOK
[23:59:27] [EnableMPCars] - Found affected hash: 0xFD707EDE - DisplayName = HUNTER
[23:59:27] [EnableMPCars] - Found affected hash: 0x96E24857 - DisplayName = microlight
[23:59:27] [EnableMPCars] - Found affected hash: 0xD35698EF - DisplayName = MOGUL
[23:59:27] [EnableMPCars] - Found affected hash: 0xC5DD6967 - DisplayName = ROGUE
[23:59:27] [EnableMPCars] - Found affected hash: 0x9A9EB7DE - DisplayName = STARLING
[23:59:27] [EnableMPCars] - Found affected hash: 0xE8983F9F - DisplayName = SEABREEZE
[23:59:27] [EnableMPCars] - Found affected hash: 0x3E2E4F8A - DisplayName = TULA
[23:59:27] [EnableMPCars] - Found affected hash: 0xA52F6866 - DisplayName = ALPHAZ1
[23:59:27] [EnableMPCars] - Found affected hash: 0xC3F25753 - DisplayName = HOWARD
[23:59:27] [EnableMPCars] - Found affected hash: 0xAD6065C0 - DisplayName = PYRO
[23:59:27] [EnableMPCars] - Found affected hash: 0xFE0A508C - DisplayName = BOMBUSHKA
[23:59:27] [EnableMPCars] - Found affected hash: 0x5D56F01B - DisplayName = MOLOTOK
[23:59:27] [EnableMPCars] - Found affected hash: 0x3DC92356 - DisplayName = NOKOTA
[23:59:27] [EnableMPCars] - Found affected hash: 0x52FF9437 - DisplayName = CYCLONE
[23:59:27] [EnableMPCars] - Found affected hash: 0xC4810400 - DisplayName = VISIONE
[23:59:27] [EnableMPCars] - Found affected hash: 0xB5EF4C33 - DisplayName = VIGILANTE
[23:59:27] [EnableMPCars] - Found affected hash: 0x6DBD6C0A - DisplayName = RETINUE
[23:59:27] [EnableMPCars] - Found affected hash: 0x7A2EF5E4 - DisplayName = RAPIDGT3
[23:59:27] [EnableMPCars] - Applying patch to enable car spawning
[23:59:27] [EnableMPCars] - Success, spawn the cars using their display name as a cheatcode (press ` in game)
