[16:43:10] [DEBUG] Created script domain 'ScriptDomain_F157FE9A' with v2.9.2.
[16:43:10] [DEBUG] Loading scripts from 'E:\Games\Grand Theft Auto V\scripts' into script domain 'ScriptDomain_F157FE9A' ...
[16:43:10] [DEBUG] Found 2 script(s) in 'GTACoOp.dll'.
[16:43:10] [DEBUG] Found 0 script(s) in 'Lidgren.Network.dll'.
[16:43:11] [DEBUG] Found 0 script(s) in 'NativeUI.dll'.
[16:43:11] [DEBUG] Found 0 script(s) in 'Newtonsoft.Json.dll'.
[16:43:11] [DEBUG] Found 0 script(s) in 'protobuf-net.dll'.
[16:43:11] [DEBUG] Starting 2 script(s) ...
[16:43:11] [DEBUG] Instantiating script 'GTACoOp.Main' in script domain 'ScriptDomain_F157FE9A' ...
[16:43:12] [DEBUG] Started script 'GTACoOp.Main'.
[16:43:12] [DEBUG] Instantiating script 'GTACoOp.PedThread' in script domain 'ScriptDomain_F157FE9A' ...
[16:43:12] [DEBUG] Started script 'GTACoOp.PedThread'.
[16:43:49] [ERROR] Script 'GTACoOp.Main' is not responding! Aborting ...
[16:43:49] [DEBUG] Aborted script 'GTACoOp.Main'.
[16:44:05] [ERROR] Caught fatal unhandled exception:
System.NullReferenceException: Object reference not set to an instance of an object.
   at GTA.ScriptDomain.ExecuteTask(IScriptTask task)
   at GTA.Native.Function.Call[T](UInt64 hash, InputArgument[] arguments)
   at GTA.UI.Notify(String message, Boolean blinking)
   at GTACoOp.Main.RebuildServerBrowser()
   at NativeUI.UIMenu.SelectItem()
   at NativeUI.UIMenu.ProcessControl(Keys key)
   at NativeUI.MenuPool.ProcessControl()
   at NativeUI.MenuPool.ProcessMenus()
   at GTACoOp.Main.OnTick(Object sender, EventArgs e)
   at GTA.Script.raise_Tick(Object value0, EventArgs value1)
   at GTA.Script.MainLoop()
[16:47:17] [DEBUG] Created script domain 'ScriptDomain_C6A7EC4A' with v2.9.2.
[16:47:17] [DEBUG] Loading scripts from 'E:\Games\Grand Theft Auto V\scripts' into script domain 'ScriptDomain_C6A7EC4A' ...
[16:47:17] [DEBUG] Found 2 script(s) in 'GTACoOp.dll'.
[16:47:17] [DEBUG] Found 0 script(s) in 'Lidgren.Network.dll'.
[16:47:17] [DEBUG] Found 0 script(s) in 'NativeUI.dll'.
[16:47:17] [DEBUG] Found 0 script(s) in 'Newtonsoft.Json.dll'.
[16:47:18] [DEBUG] Found 0 script(s) in 'protobuf-net.dll'.
[16:47:18] [DEBUG] Found 0 script(s) in 'AdminTools.dll'.
[16:47:18] [DEBUG] Found 0 script(s) in 'Lidgren.Network.dll'.
[16:47:18] [DEBUG] Found 0 script(s) in 'protobuf-net.dll'.
[16:47:18] [DEBUG] Found 0 script(s) in 'AdminTools.dll'.
[16:47:18] [DEBUG] Found 0 script(s) in 'Race.dll'.
[16:47:18] [DEBUG] Starting 2 script(s) ...
[16:47:18] [DEBUG] Instantiating script 'GTACoOp.Main' in script domain 'ScriptDomain_C6A7EC4A' ...
[16:47:19] [DEBUG] Started script 'GTACoOp.Main'.
[16:47:19] [DEBUG] Instantiating script 'GTACoOp.PedThread' in script domain 'ScriptDomain_C6A7EC4A' ...
[16:47:19] [DEBUG] Started script 'GTACoOp.PedThread'.
[16:50:00] [ERROR] Script 'GTACoOp.Main' is not responding! Aborting ...
[16:50:00] [DEBUG] Aborted script 'GTACoOp.Main'.
[16:50:16] [ERROR] Caught fatal unhandled exception:
System.NullReferenceException: Object reference not set to an instance of an object.
   at GTA.ScriptDomain.ExecuteTask(IScriptTask task)
   at GTA.Native.Function.Call[T](UInt64 hash, InputArgument[] arguments)
   at GTA.UI.Notify(String message, Boolean blinking)
   at GTACoOp.Main.RebuildServerBrowser()
   at NativeUI.UIMenu.SelectItem()
   at NativeUI.UIMenu.ProcessControl(Keys key)
   at NativeUI.MenuPool.ProcessControl()
   at NativeUI.MenuPool.ProcessMenus()
   at GTACoOp.Main.OnTick(Object sender, EventArgs e)
   at GTA.Script.raise_Tick(Object value0, EventArgs value1)
   at GTA.Script.MainLoop()
